This is pdfTeXk, Version 3.141592-1.40.3 (Web2C 7.5.6) (format=pdflatex 2017.4.25)  26 APR 2018 08:34
entering extended mode
 %&-line parsing enabled.
**document.tex
(./document.tex
LaTeX2e <2005/12/01>
Babel <v3.8h> and hyphenation patterns for english, usenglishmax, dumylang, noh
yphenation, arabic, basque, bulgarian, coptic, welsh, czech, slovak, german, ng
erman, danish, esperanto, spanish, catalan, galician, estonian, farsi, finnish,
 french, greek, monogreek, ancientgreek, croatian, hungarian, interlingua, ibyc
us, indonesian, icelandic, italian, latin, mongolian, dutch, norsk, polish, por
tuguese, pinyin, romanian, russian, slovenian, uppersorbian, serbian, swedish, 
turkish, ukenglish, ukrainian, loaded.
(/usr/share/texmf/tex/latex/base/article.cls
Document Class: article 2005/09/16 v1.4f Standard LaTeX document class
(/usr/share/texmf/tex/latex/base/size10.clo
File: size10.clo 2005/09/16 v1.4f Standard LaTeX file (size option)
)
\c@part=\count79
\c@section=\count80
\c@subsection=\count81
\c@subsubsection=\count82
\c@paragraph=\count83
\c@subparagraph=\count84
\c@figure=\count85
\c@table=\count86
\abovecaptionskip=\skip41
\belowcaptionskip=\skip42
\bibindent=\dimen102
)
(/usr/share/texmf/tex/latex/graphics/graphicx.sty
Package: graphicx 1999/02/16 v1.0f Enhanced LaTeX Graphics (DPC,SPQR)

(/usr/share/texmf/tex/latex/graphics/keyval.sty
Package: keyval 1999/03/16 v1.13 key=value parser (DPC)
\KV@toks@=\toks14
)
(/usr/share/texmf/tex/latex/graphics/graphics.sty
Package: graphics 2006/02/20 v1.0o Standard LaTeX Graphics (DPC,SPQR)

(/usr/share/texmf/tex/latex/graphics/trig.sty
Package: trig 1999/03/16 v1.09 sin cos tan (DPC)
)
(/usr/share/texmf/tex/latex/config/graphics.cfg
File: graphics.cfg 2007/01/18 v1.5 graphics configuration of teTeX/TeXLive
)
Package graphics Info: Driver file: pdftex.def on input line 90.

(/usr/share/texmf/tex/latex/pdftex-def/pdftex.def
File: pdftex.def 2007/01/08 v0.04d Graphics/color for pdfTeX
\Gread@gobject=\count87
))
\Gin@req@height=\dimen103
\Gin@req@width=\dimen104
)
(/usr/share/texmf/tex/latex/beamer/multimedia/multimedia.sty
Package: multimedia 2004/04/10 ver 0.01
\mm@movie=\count88
)
(/usr/share/texmf/tex/latex/amsfonts/amssymb.sty
Package: amssymb 2002/01/22 v2.2d

(/usr/share/texmf/tex/latex/amsfonts/amsfonts.sty
Package: amsfonts 2001/10/25 v2.2f
\@emptytoks=\toks15
\symAMSa=\mathgroup4
\symAMSb=\mathgroup5
LaTeX Font Info:    Overwriting math alphabet `\mathfrak' in version `bold'
(Font)                  U/euf/m/n --> U/euf/b/n on input line 132.
))
(/usr/share/texmf/tex/latex/fancybox/fancybox.sty
Package: fancybox 2000/09/19 1.3

Style option: `fancybox' v1.3 <2000/09/19> (tvz)
\@fancybox=\box26
\shadowsize=\dimen105
\@Sbox=\box27
\do@VerbBox=\toks16
\the@fancyput=\toks17
\this@fancyput=\toks18
\EndVerbatimTokens=\toks19
\Verbatim@Outfile=\write3
\Verbatim@Infile=\read1
)

! LaTeX Error: File `pseudocode.sty' not found.

Type X to quit or <RETURN> to proceed,
or enter new name. (Default extension: sty)

Enter file name: 
! Interruption.
<to be read again> 
                   }
l.10 ^^M
        
? q
OK, entering \batchmode...
 (/usr/share/texmf/tex/latex/psnfss/pifont.sty
Package: pifont 2005/04/12 PSNFSS-v9.2a Pi font support (SPQR) 
LaTeX Font Info:    Try loading font information for U+pzd on input line 63.
 (/usr/share/texmf/tex/latex/psnfss/upzd.fd
File: upzd.fd 2001/06/04 font definitions for U/pzd.
)
LaTeX Font Info:    Try loading font information for U+psy on input line 64.
 (/usr/share/texmf/tex/latex/psnfss/upsy.fd
File: upsy.fd 2001/06/04 font definitions for U/psy.
)) (/usr/share/texmf/tex/latex/multirow/multirow.sty
\bigstrutjot=\dimen106
) (./slashbox.sty
slashbox style by K.Yasuoka, May 1993.
\@slashboxa=\box28
\@slashboxb=\box29
\@slashboxc=\box30
\@slashboxwd=\count89
\@slashboxht=\count90
\@slashsepl=\dimen107
\@slashsepr=\dimen108
) (/usr/share/texmf/tex/latex/pdfpages/pdfpages.sty
Package: pdfpages 2006/08/12 v0.4a Insert pages of external PDF documents (AM)
 (/usr/share/texmf/tex/latex/base/ifthen.sty
Package: ifthen 2001/05/26 v1.1c Standard LaTeX ifthen package (DPC)
) (/usr/share/texmf/tex/latex/tools/calc.sty
Package: calc 2005/08/06 v4.2 Infix arithmetic (KKT,FJ)
\calc@Acount=\count91
\calc@Bcount=\count92
\calc@Adimen=\dimen109
\calc@Bdimen=\dimen110
\calc@Askip=\skip43
\calc@Bskip=\skip44
LaTeX Info: Redefining \setlength on input line 75.
LaTeX Info: Redefining \addtolength on input line 76.
\calc@Ccount=\count93
\calc@Cskip=\skip45
) (/usr/share/texmf/tex/latex/eso-pic/eso-pic.sty
Package: eso-pic 2006/07/14 v1.1d eso-pic (RN)
 (/usr/share/texmf/tex/latex/everyshi/everyshi.sty
Package: everyshi 2001/05/15 v3.00 EveryShipout Package (MS)
)) (/usr/share/texmf/tex/latex/pdfpages/pppdftex.def
File: pppdftex.def 2006/08/12 v0.4a Pdfpages driver for pdfTeX (AM)
)
\AM@pagebox=\box31
\AM@toc@title=\toks20
\c@AM@survey=\count94
) (/usr/share/texmf/tex/latex/oberdiek/picture.sty
Package: picture 2006/08/26 v1.0 Dimens for picture macros (HO)
Package picture Info: Calculation method: calc.
) (/usr/share/texmf/tex/latex/appendix/appendix.sty
Package: appendix 2002/08/06 v1.2 extra appendix facilities
\c@@pps=\count95
\c@@ppsavesec=\count96
\c@@ppsaveapp=\count97
)
No file document.aux.
\openout1 = `document.aux'.

LaTeX Font Info:    Checking defaults for OML/cmm/m/it on input line 25.
LaTeX Font Info:    ... okay on input line 25.
LaTeX Font Info:    Checking defaults for T1/cmr/m/n on input line 25.
LaTeX Font Info:    ... okay on input line 25.
LaTeX Font Info:    Checking defaults for OT1/cmr/m/n on input line 25.
LaTeX Font Info:    ... okay on input line 25.
LaTeX Font Info:    Checking defaults for OMS/cmsy/m/n on input line 25.
LaTeX Font Info:    ... okay on input line 25.
LaTeX Font Info:    Checking defaults for OMX/cmex/m/n on input line 25.
LaTeX Font Info:    ... okay on input line 25.
LaTeX Font Info:    Checking defaults for U/cmr/m/n on input line 25.
LaTeX Font Info:    ... okay on input line 25.
 ABD: EveryShipout initializing macros (/usr/share/texmf/tex/latex/graphics/col
or.sty
Package: color 2005/11/14 v1.0j Standard LaTeX Color (DPC)
 (/usr/share/texmf/tex/latex/config/color.cfg
File: color.cfg 2007/01/18 v1.5 color configuration of teTeX/TeXLive
)
Package color Info: Driver file: pdftex.def on input line 130.
)
LaTeX Font Info:    Try loading font information for U+msa on input line 27.
 (/usr/share/texmf/tex/latex/amsfonts/umsa.fd
File: umsa.fd 2002/01/19 v2.2g AMS font definitions
)
LaTeX Font Info:    Try loading font information for U+msb on input line 27.
 (/usr/share/texmf/tex/latex/amsfonts/umsb.fd
File: umsb.fd 2002/01/19 v2.2g AMS font definitions
) [1

{/usr/share/texmf/fonts/map/pdftex/updmap/pdftex.map}] [2]

LaTeX Warning: Reference `fig:cannon-skew' on page 3 undefined on input line 66
.



pdfTeX warning: pdflatex (file ./images/cannon-skew.pdf): PDF inclusion: found 
PDF version <1.5>, but at most version <1.4> allowed

<images/cannon-skew.pdf, id=19, 729.75983pt x 319.86307pt>
File: images/cannon-skew.pdf Graphic file (type pdf)
 <use images/cannon-skew.pdf> [3 <./images/cannon-skew.pdf

pdfTeX warning: pdflatex (file ./images/cannon-skew.pdf): PDF inclusion: Page G
roup detected which pdfTeX can't handle. Ignoring it.
>]
LaTeX Font Info:    Try loading font information for OMS+cmr on input line 107.

 (/usr/share/texmf/tex/latex/base/omscmr.fd
File: omscmr.fd 1999/05/25 v2.5h Standard LaTeX font definitions
)
LaTeX Font Info:    Font shape `OMS/cmr/m/n' in size <10> not available
(Font)              Font shape `OMS/cmsy/m/n' tried instead on input line 107.

Overfull \hbox (34.25958pt too wide) in alignment at lines 136--144
 [][][] []
 []

 [4] [5] [6] [7] [8] [9]

! LaTeX Error: Environment pseudocode undefined.

See the LaTeX manual or LaTeX Companion for explanation.
Type  H <return>  for immediate help.
 ...                                              
                                                  
l.362 \begin{pseudocode}
                        [ruled]{DNS\_Matrix\_Multiplication}{A, B}
Your command was ignored.
Type  I <command> <return>  to replace it with another command,
or  <return>  to continue without it.

! Undefined control sequence.
l.363 \CALL
           {Create\_3D\_Mesh}{} \vspace{10pt} \\
The control sequence at the end of the top line
of your error message was never \def'ed. If you have
misspelled it (e.g., `\hobx'), type `I' and the correct
spelling (e.g., `I\hbox'). Otherwise just continue,
and I'll forget about whatever was undefined.


Underfull \hbox (badness 10000) in paragraph at lines 362--364

 []

! Undefined control sequence.
l.365 Ablock \GETS
                   \CALL{MPI\_Scatter\_on\_I-K}{A} \\
The control sequence at the end of the top line
of your error message was never \def'ed. If you have
misspelled it (e.g., `\hobx'), type `I' and the correct
spelling (e.g., `I\hbox'). Otherwise just continue,
and I'll forget about whatever was undefined.

! Undefined control sequence.
l.365 Ablock \GETS \CALL
                        {MPI\_Scatter\_on\_I-K}{A} \\
The control sequence at the end of the top line
of your error message was never \def'ed. If you have
misspelled it (e.g., `\hobx'), type `I' and the correct
spelling (e.g., `I\hbox'). Otherwise just continue,
and I'll forget about whatever was undefined.

! Undefined control sequence.
l.366 Asub \GETS
                 \CALL{MPI\_Broadcast\_on\_J}{Ablock} \vspace{10pt} \\
The control sequence at the end of the top line
of your error message was never \def'ed. If you have
misspelled it (e.g., `\hobx'), type `I' and the correct
spelling (e.g., `I\hbox'). Otherwise just continue,
and I'll forget about whatever was undefined.

! Undefined control sequence.
l.366 Asub \GETS \CALL
                      {MPI\_Broadcast\_on\_J}{Ablock} \vspace{10pt} \\
The control sequence at the end of the top line
of your error message was never \def'ed. If you have
misspelled it (e.g., `\hobx'), type `I' and the correct
spelling (e.g., `I\hbox'). Otherwise just continue,
and I'll forget about whatever was undefined.


Underfull \hbox (badness 10000) in paragraph at lines 365--367

 []

! Undefined control sequence.
l.368 Bblock \GETS
                   \CALL{MPI\_Scatter\_on\_K-J}{B} \\
The control sequence at the end of the top line
of your error message was never \def'ed. If you have
misspelled it (e.g., `\hobx'), type `I' and the correct
spelling (e.g., `I\hbox'). Otherwise just continue,
and I'll forget about whatever was undefined.

! Undefined control sequence.
l.368 Bblock \GETS \CALL
                        {MPI\_Scatter\_on\_K-J}{B} \\
The control sequence at the end of the top line
of your error message was never \def'ed. If you have
misspelled it (e.g., `\hobx'), type `I' and the correct
spelling (e.g., `I\hbox'). Otherwise just continue,
and I'll forget about whatever was undefined.

! Undefined control sequence.
l.369 Bsub \GETS
                 \CALL{MPI\_Broadcast\_on\_I}{Bblock} \vspace{10pt} \\
The control sequence at the end of the top line
of your error message was never \def'ed. If you have
misspelled it (e.g., `\hobx'), type `I' and the correct
spelling (e.g., `I\hbox'). Otherwise just continue,
and I'll forget about whatever was undefined.

! Undefined control sequence.
l.369 Bsub \GETS \CALL
                      {MPI\_Broadcast\_on\_I}{Bblock} \vspace{10pt} \\
The control sequence at the end of the top line
of your error message was never \def'ed. If you have
misspelled it (e.g., `\hobx'), type `I' and the correct
spelling (e.g., `I\hbox'). Otherwise just continue,
and I'll forget about whatever was undefined.


Underfull \hbox (badness 10000) in paragraph at lines 368--370

 []

! Undefined control sequence.
l.371 Csub \GETS
                 \CALL{SerialMatrixMultiply}{Asub, Bsub} \vspace{10pt} \\
The control sequence at the end of the top line
of your error message was never \def'ed. If you have
misspelled it (e.g., `\hobx'), type `I' and the correct
spelling (e.g., `I\hbox'). Otherwise just continue,
and I'll forget about whatever was undefined.

! Undefined control sequence.
l.371 Csub \GETS \CALL
                      {SerialMatrixMultiply}{Asub, Bsub} \vspace{10pt} \\
The control sequence at the end of the top line
of your error message was never \def'ed. If you have
misspelled it (e.g., `\hobx'), type `I' and the correct
spelling (e.g., `I\hbox'). Otherwise just continue,
and I'll forget about whatever was undefined.


Underfull \hbox (badness 10000) in paragraph at lines 371--372

 []

! Undefined control sequence.
l.373 Cred \GETS
                 \CALL{MPI\_Reduce\_on\_K}{Csub} \\
The control sequence at the end of the top line
of your error message was never \def'ed. If you have
misspelled it (e.g., `\hobx'), type `I' and the correct
spelling (e.g., `I\hbox'). Otherwise just continue,
and I'll forget about whatever was undefined.

! Undefined control sequence.
l.373 Cred \GETS \CALL
                      {MPI\_Reduce\_on\_K}{Csub} \\
The control sequence at the end of the top line
of your error message was never \def'ed. If you have
misspelled it (e.g., `\hobx'), type `I' and the correct
spelling (e.g., `I\hbox'). Otherwise just continue,
and I'll forget about whatever was undefined.

! Undefined control sequence.
l.374 C \GETS
              \CALL{MPI\_Gather\_on\_I-J}{Cred} \vspace{10pt} \\
The control sequence at the end of the top line
of your error message was never \def'ed. If you have
misspelled it (e.g., `\hobx'), type `I' and the correct
spelling (e.g., `I\hbox'). Otherwise just continue,
and I'll forget about whatever was undefined.

! Undefined control sequence.
l.374 C \GETS \CALL
                   {MPI\_Gather\_on\_I-J}{Cred} \vspace{10pt} \\
The control sequence at the end of the top line
of your error message was never \def'ed. If you have
misspelled it (e.g., `\hobx'), type `I' and the correct
spelling (e.g., `I\hbox'). Otherwise just continue,
and I'll forget about whatever was undefined.


Underfull \hbox (badness 10000) in paragraph at lines 373--375

 []

! Undefined control sequence.
l.376 \RETURN
             {C}
The control sequence at the end of the top line
of your error message was never \def'ed. If you have
misspelled it (e.g., `\hobx'), type `I' and the correct
spelling (e.g., `I\hbox'). Otherwise just continue,
and I'll forget about whatever was undefined.


! LaTeX Error: \begin{figure} on input line 360 ended by \end{pseudocode}.

See the LaTeX manual or LaTeX Companion for explanation.
Type  H <return>  for immediate help.
 ...                                              
                                                  
l.377 \end{pseudocode}
                      
Your command was ignored.
Type  I <command> <return>  to replace it with another command,
or  <return>  to continue without it.



pdfTeX warning: pdflatex (file ./images/dns.pdf): PDF inclusion: found PDF vers
ion <1.5>, but at most version <1.4> allowed
 <images/dns.pdf, id=54, 539.97504pt x 486.3729pt>
File: images/dns.pdf Graphic file (type pdf)
 <use images/dns.pdf>

LaTeX Warning: `h' float specifier changed to `ht'.

 [10] [11] [12 <./images/dns.pdf

pdfTeX warning: pdflatex (file ./images/dns.pdf): PDF inclusion: Page Group det
ected which pdfTeX can't handle. Ignoring it.
>] [13] [14]

LaTeX Warning: Reference `tab:cannontotal' on page 15 undefined on input line 5
26.


LaTeX Warning: Reference `tab:cannon -stotal' on page 15 undefined on input lin
e 526.


LaTeX Warning: Reference `tab:dnstotal' on page 15 undefined on input line 526.



LaTeX Warning: Reference `tab:dns -stotal' on page 15 undefined on input line 5
27.


LaTeX Warning: Reference `tab:cannonmatrix multiplication' on page 15 undefined
 on input line 530.


LaTeX Warning: Reference `tab:cannon -smatrix multiplication' on page 15 undefi
ned on input line 531.


LaTeX Warning: Reference `tab:dnsmatrix multiplication' on page 15 undefined on
 input line 531.


LaTeX Warning: Reference `tab:dns -smatrix multiplication' on page 15 undefined
 on input line 532.


LaTeX Warning: Reference `tab:cannonLU' on page 15 undefined on input line 533.



LaTeX Warning: Reference `tab:cannon -sLU' on page 15 undefined on input line 5
33.


LaTeX Warning: Reference `tab:dnsLU' on page 15 undefined on input line 533.


LaTeX Warning: Reference `tab:dns -sLU' on page 15 undefined on input line 533.



Overfull \hbox (8.30586pt too wide) in paragraph at lines 526--535
\OT1/cmr/m/n/10 Tables [], [], [] and [] show the to-tal run-time for the Can-n
on, Can-non/Strassen,
 []


LaTeX Warning: Reference `tab:lucompare_total' on page 15 undefined on input li
ne 538.


LaTeX Warning: Reference `tab:lucompare_LU' on page 15 undefined on input line 
538.

 [15] (./results.tex
Overfull \hbox (18.6675pt too wide) in paragraph at lines 3--63
 [][] 
 []


Overfull \hbox (13.66748pt too wide) in paragraph at lines 68--119
 [][] 
 []


LaTeX Warning: `h' float specifier changed to `ht'.


LaTeX Warning: `h' float specifier changed to `ht'.


LaTeX Warning: `h' float specifier changed to `ht'.


Overfull \hbox (18.6675pt too wide) in paragraph at lines 237--297
 [][] 
 []


LaTeX Warning: `h' float specifier changed to `ht'.


Overfull \hbox (8.66747pt too wide) in paragraph at lines 302--353
 [][] 
 []


LaTeX Warning: `h' float specifier changed to `ht'.


LaTeX Warning: `h' float specifier changed to `ht'.


LaTeX Warning: `h' float specifier changed to `ht'.


LaTeX Warning: `h' float specifier changed to `ht'.


LaTeX Warning: `h' float specifier changed to `ht'.


LaTeX Warning: `h' float specifier changed to `ht'.


LaTeX Warning: `h' float specifier changed to `ht'.


Overfull \hbox (107.7788pt too wide) in paragraph at lines 554--572
 [][] 
 []


LaTeX Warning: `h' float specifier changed to `ht'.


Overfull \hbox (87.77873pt too wide) in paragraph at lines 578--596
 [][] 
 []


LaTeX Warning: `h' float specifier changed to `ht'.

) [16

] [17] [18] [19] [20] [21] [22] [23] [24]

LaTeX Warning: Reference `fig:cannon-dns-n' on page 25 undefined on input line 
559.


LaTeX Warning: Reference `fig:cannon-dns-p' on page 25 undefined on input line 
571.


<images/finished/cannon-dns-1024-2.pdf, id=111, 794.97pt x 614.295pt>
File: images/finished/cannon-dns-1024-2.pdf Graphic file (type pdf)
 <use images/finished/cannon-dns-1024-2.pdf>

LaTeX Warning: `h' float specifier changed to `ht'.

 [25

]
<images/finished/cannon-dns-over-n-k-2.pdf, id=117, 794.97pt x 614.295pt>
File: images/finished/cannon-dns-over-n-k-2.pdf Graphic file (type pdf)
 <use images/finished/cannon-dns-over-n-k-2.pdf>

LaTeX Warning: `h' float specifier changed to `ht'.


<images/finished/cannon-dns-over-k-n-1024.pdf, id=118, 794.97pt x 614.295pt>
File: images/finished/cannon-dns-over-k-n-1024.pdf Graphic file (type pdf)
 <use images/finished/cannon-dns-over-k-n-1024.pdf>

LaTeX Warning: `h' float specifier changed to `ht'.

 [26 <./images/finished/cannon-dns-1024-2.pdf, page is rotated 90 degrees>] [27
 <./images/finished/cannon-dns-over-n-k-2.pdf, page is rotated 90 degrees>] [28
 <./images/finished/cannon-dns-over-k-n-1024.pdf, page is rotated 90 degrees>]

pdfTeX warning: pdflatex (file ./code/pdf/cannon-c.pdf): PDF inclusion: found P
DF version <1.5>, but at most version <1.4> allowed


pdfTeX warning: pdflatex (file ./code/pdf/cannon-c.pdf): PDF inclusion: found P
DF version <1.5>, but at most version <1.4> allowed


pdfTeX warning: pdflatex (file ./code/pdf/cannon-c.pdf): PDF inclusion: found P
DF version <1.5>, but at most version <1.4> allowed

<code/pdf/cannon-c.pdf, id=142, page=1, 614.295pt x 794.97pt>
File: code/pdf/cannon-c.pdf Graphic file (type pdf)
 <use code/pdf/cannon-c.pdf, page 1>
File: code/pdf/cannon-c.pdf Graphic file (type pdf)
 <use code/pdf/cannon-c.pdf, page 1>
File: code/pdf/cannon-c.pdf Graphic file (type pdf)
 <use code/pdf/cannon-c.pdf, page 1>
File: code/pdf/cannon-c.pdf Graphic file (type pdf)
 <use code/pdf/cannon-c.pdf, page 1>
File: code/pdf/cannon-c.pdf Graphic file (type pdf)
 <use code/pdf/cannon-c.pdf, page 1> [29

 <./code/pdf/cannon-c.pdf

pdfTeX warning: pdflatex (file ./code/pdf/cannon-c.pdf): PDF inclusion: Page Gr
oup detected which pdfTeX can't handle. Ignoring it.
>]

pdfTeX warning: pdflatex (file ./code/pdf/cannon-c.pdf): PDF inclusion: found P
DF version <1.5>, but at most version <1.4> allowed

<code/pdf/cannon-c.pdf, id=169, page=2, 614.295pt x 794.97pt>
File: code/pdf/cannon-c.pdf Graphic file (type pdf)
 <use code/pdf/cannon-c.pdf, page 2>
File: code/pdf/cannon-c.pdf Graphic file (type pdf)
 <use code/pdf/cannon-c.pdf, page 2>
File: code/pdf/cannon-c.pdf Graphic file (type pdf)
 <use code/pdf/cannon-c.pdf, page 2> [30 <./code/pdf/cannon-c.pdf

pdfTeX warning: pdflatex (file ./code/pdf/cannon-c.pdf): PDF inclusion: Page Gr
oup detected which pdfTeX can't handle. Ignoring it.
>]

pdfTeX warning: pdflatex (file ./code/pdf/cannon-c.pdf): PDF inclusion: found P
DF version <1.5>, but at most version <1.4> allowed

<code/pdf/cannon-c.pdf, id=174, page=3, 614.295pt x 794.97pt>
File: code/pdf/cannon-c.pdf Graphic file (type pdf)
 <use code/pdf/cannon-c.pdf, page 3>
File: code/pdf/cannon-c.pdf Graphic file (type pdf)
 <use code/pdf/cannon-c.pdf, page 3>
File: code/pdf/cannon-c.pdf Graphic file (type pdf)
 <use code/pdf/cannon-c.pdf, page 3> [31 <./code/pdf/cannon-c.pdf

pdfTeX warning: pdflatex (file ./code/pdf/cannon-c.pdf): PDF inclusion: Page Gr
oup detected which pdfTeX can't handle. Ignoring it.
>]

pdfTeX warning: pdflatex (file ./code/pdf/cannon-c.pdf): PDF inclusion: found P
DF version <1.5>, but at most version <1.4> allowed

<code/pdf/cannon-c.pdf, id=180, page=4, 614.295pt x 794.97pt>
File: code/pdf/cannon-c.pdf Graphic file (type pdf)
 <use code/pdf/cannon-c.pdf, page 4>
File: code/pdf/cannon-c.pdf Graphic file (type pdf)
 <use code/pdf/cannon-c.pdf, page 4>
File: code/pdf/cannon-c.pdf Graphic file (type pdf)
 <use code/pdf/cannon-c.pdf, page 4> [32 <./code/pdf/cannon-c.pdf

pdfTeX warning: pdflatex (file ./code/pdf/cannon-c.pdf): PDF inclusion: Page Gr
oup detected which pdfTeX can't handle. Ignoring it.
>]

pdfTeX warning: pdflatex (file ./code/pdf/cannon-h.pdf): PDF inclusion: found P
DF version <1.5>, but at most version <1.4> allowed


pdfTeX warning: pdflatex (file ./code/pdf/cannon-h.pdf): PDF inclusion: found P
DF version <1.5>, but at most version <1.4> allowed


pdfTeX warning: pdflatex (file ./code/pdf/cannon-h.pdf): PDF inclusion: found P
DF version <1.5>, but at most version <1.4> allowed

<code/pdf/cannon-h.pdf, id=187, page=1, 614.295pt x 794.97pt>
File: code/pdf/cannon-h.pdf Graphic file (type pdf)
 <use code/pdf/cannon-h.pdf, page 1>
File: code/pdf/cannon-h.pdf Graphic file (type pdf)
 <use code/pdf/cannon-h.pdf, page 1>
File: code/pdf/cannon-h.pdf Graphic file (type pdf)
 <use code/pdf/cannon-h.pdf, page 1>
File: code/pdf/cannon-h.pdf Graphic file (type pdf)
 <use code/pdf/cannon-h.pdf, page 1>
File: code/pdf/cannon-h.pdf Graphic file (type pdf)
 <use code/pdf/cannon-h.pdf, page 1> [33 <./code/pdf/cannon-h.pdf

pdfTeX warning: pdflatex (file ./code/pdf/cannon-h.pdf): PDF inclusion: Page Gr
oup detected which pdfTeX can't handle. Ignoring it.
>]

pdfTeX warning: pdflatex (file ./code/pdf/dns-c.pdf): PDF inclusion: found PDF 
version <1.5>, but at most version <1.4> allowed


pdfTeX warning: pdflatex (file ./code/pdf/dns-c.pdf): PDF inclusion: found PDF 
version <1.5>, but at most version <1.4> allowed


pdfTeX warning: pdflatex (file ./code/pdf/dns-c.pdf): PDF inclusion: found PDF 
version <1.5>, but at most version <1.4> allowed

<code/pdf/dns-c.pdf, id=216, page=1, 614.295pt x 794.97pt>
File: code/pdf/dns-c.pdf Graphic file (type pdf)
 <use code/pdf/dns-c.pdf, page 1>
File: code/pdf/dns-c.pdf Graphic file (type pdf)
 <use code/pdf/dns-c.pdf, page 1>
File: code/pdf/dns-c.pdf Graphic file (type pdf)
 <use code/pdf/dns-c.pdf, page 1>
File: code/pdf/dns-c.pdf Graphic file (type pdf)
 <use code/pdf/dns-c.pdf, page 1>
File: code/pdf/dns-c.pdf Graphic file (type pdf)
 <use code/pdf/dns-c.pdf, page 1> [34 <./code/pdf/dns-c.pdf

pdfTeX warning: pdflatex (file ./code/pdf/dns-c.pdf): PDF inclusion: Page Group
 detected which pdfTeX can't handle. Ignoring it.
>]

pdfTeX warning: pdflatex (file ./code/pdf/dns-c.pdf): PDF inclusion: found PDF 
version <1.5>, but at most version <1.4> allowed

<code/pdf/dns-c.pdf, id=243, page=2, 614.295pt x 794.97pt>
File: code/pdf/dns-c.pdf Graphic file (type pdf)
 <use code/pdf/dns-c.pdf, page 2>
File: code/pdf/dns-c.pdf Graphic file (type pdf)
 <use code/pdf/dns-c.pdf, page 2>
File: code/pdf/dns-c.pdf Graphic file (type pdf)
 <use code/pdf/dns-c.pdf, page 2> [35 <./code/pdf/dns-c.pdf

pdfTeX warning: pdflatex (file ./code/pdf/dns-c.pdf): PDF inclusion: Page Group
 detected which pdfTeX can't handle. Ignoring it.
>]

pdfTeX warning: pdflatex (file ./code/pdf/dns-c.pdf): PDF inclusion: found PDF 
version <1.5>, but at most version <1.4> allowed

<code/pdf/dns-c.pdf, id=248, page=3, 614.295pt x 794.97pt>
File: code/pdf/dns-c.pdf Graphic file (type pdf)
 <use code/pdf/dns-c.pdf, page 3>
File: code/pdf/dns-c.pdf Graphic file (type pdf)
 <use code/pdf/dns-c.pdf, page 3>
File: code/pdf/dns-c.pdf Graphic file (type pdf)
 <use code/pdf/dns-c.pdf, page 3> [36 <./code/pdf/dns-c.pdf

pdfTeX warning: pdflatex (file ./code/pdf/dns-c.pdf): PDF inclusion: Page Group
 detected which pdfTeX can't handle. Ignoring it.
>]

pdfTeX warning: pdflatex (file ./code/pdf/dns-c.pdf): PDF inclusion: found PDF 
version <1.5>, but at most version <1.4> allowed

<code/pdf/dns-c.pdf, id=253, page=4, 614.295pt x 794.97pt>
File: code/pdf/dns-c.pdf Graphic file (type pdf)
 <use code/pdf/dns-c.pdf, page 4>
File: code/pdf/dns-c.pdf Graphic file (type pdf)
 <use code/pdf/dns-c.pdf, page 4>
File: code/pdf/dns-c.pdf Graphic file (type pdf)
 <use code/pdf/dns-c.pdf, page 4> [37 <./code/pdf/dns-c.pdf

pdfTeX warning: pdflatex (file ./code/pdf/dns-c.pdf): PDF inclusion: Page Group
 detected which pdfTeX can't handle. Ignoring it.
>]

pdfTeX warning: pdflatex (file ./code/pdf/dns-c.pdf): PDF inclusion: found PDF 
version <1.5>, but at most version <1.4> allowed

<code/pdf/dns-c.pdf, id=259, page=5, 614.295pt x 794.97pt>
File: code/pdf/dns-c.pdf Graphic file (type pdf)
 <use code/pdf/dns-c.pdf, page 5>
File: code/pdf/dns-c.pdf Graphic file (type pdf)
 <use code/pdf/dns-c.pdf, page 5>
File: code/pdf/dns-c.pdf Graphic file (type pdf)
 <use code/pdf/dns-c.pdf, page 5> [38 <./code/pdf/dns-c.pdf

pdfTeX warning: pdflatex (file ./code/pdf/dns-c.pdf): PDF inclusion: Page Group
 detected which pdfTeX can't handle. Ignoring it.
>]

pdfTeX warning: pdflatex (file ./code/pdf/lu1d-c.pdf): PDF inclusion: found PDF
 version <1.5>, but at most version <1.4> allowed


pdfTeX warning: pdflatex (file ./code/pdf/lu1d-c.pdf): PDF inclusion: found PDF
 version <1.5>, but at most version <1.4> allowed


pdfTeX warning: pdflatex (file ./code/pdf/lu1d-c.pdf): PDF inclusion: found PDF
 version <1.5>, but at most version <1.4> allowed

<code/pdf/lu1d-c.pdf, id=266, page=1, 614.295pt x 794.97pt>
File: code/pdf/lu1d-c.pdf Graphic file (type pdf)
 <use code/pdf/lu1d-c.pdf, page 1>
File: code/pdf/lu1d-c.pdf Graphic file (type pdf)
 <use code/pdf/lu1d-c.pdf, page 1>
File: code/pdf/lu1d-c.pdf Graphic file (type pdf)
 <use code/pdf/lu1d-c.pdf, page 1>
File: code/pdf/lu1d-c.pdf Graphic file (type pdf)
 <use code/pdf/lu1d-c.pdf, page 1>
File: code/pdf/lu1d-c.pdf Graphic file (type pdf)
 <use code/pdf/lu1d-c.pdf, page 1> [39 <./code/pdf/lu1d-c.pdf

pdfTeX warning: pdflatex (file ./code/pdf/lu1d-c.pdf): PDF inclusion: Page Grou
p detected which pdfTeX can't handle. Ignoring it.
>]

pdfTeX warning: pdflatex (file ./code/pdf/lu1d-c.pdf): PDF inclusion: found PDF
 version <1.5>, but at most version <1.4> allowed

<code/pdf/lu1d-c.pdf, id=293, page=2, 614.295pt x 794.97pt>
File: code/pdf/lu1d-c.pdf Graphic file (type pdf)
 <use code/pdf/lu1d-c.pdf, page 2>
File: code/pdf/lu1d-c.pdf Graphic file (type pdf)
 <use code/pdf/lu1d-c.pdf, page 2>
File: code/pdf/lu1d-c.pdf Graphic file (type pdf)
 <use code/pdf/lu1d-c.pdf, page 2> [40 <./code/pdf/lu1d-c.pdf

pdfTeX warning: pdflatex (file ./code/pdf/lu1d-c.pdf): PDF inclusion: Page Grou
p detected which pdfTeX can't handle. Ignoring it.
>]

pdfTeX warning: pdflatex (file ./code/pdf/lu1d-c.pdf): PDF inclusion: found PDF
 version <1.5>, but at most version <1.4> allowed

<code/pdf/lu1d-c.pdf, id=298, page=3, 614.295pt x 794.97pt>
File: code/pdf/lu1d-c.pdf Graphic file (type pdf)
 <use code/pdf/lu1d-c.pdf, page 3>
File: code/pdf/lu1d-c.pdf Graphic file (type pdf)
 <use code/pdf/lu1d-c.pdf, page 3>
File: code/pdf/lu1d-c.pdf Graphic file (type pdf)
 <use code/pdf/lu1d-c.pdf, page 3> [41 <./code/pdf/lu1d-c.pdf

pdfTeX warning: pdflatex (file ./code/pdf/lu1d-c.pdf): PDF inclusion: Page Grou
p detected which pdfTeX can't handle. Ignoring it.
>]

pdfTeX warning: pdflatex (file ./code/pdf/lu2d-c.pdf): PDF inclusion: found PDF
 version <1.5>, but at most version <1.4> allowed


pdfTeX warning: pdflatex (file ./code/pdf/lu2d-c.pdf): PDF inclusion: found PDF
 version <1.5>, but at most version <1.4> allowed


pdfTeX warning: pdflatex (file ./code/pdf/lu2d-c.pdf): PDF inclusion: found PDF
 version <1.5>, but at most version <1.4> allowed

<code/pdf/lu2d-c.pdf, id=305, page=1, 614.295pt x 794.97pt>
File: code/pdf/lu2d-c.pdf Graphic file (type pdf)
 <use code/pdf/lu2d-c.pdf, page 1>
File: code/pdf/lu2d-c.pdf Graphic file (type pdf)
 <use code/pdf/lu2d-c.pdf, page 1>
File: code/pdf/lu2d-c.pdf Graphic file (type pdf)
 <use code/pdf/lu2d-c.pdf, page 1>
File: code/pdf/lu2d-c.pdf Graphic file (type pdf)
 <use code/pdf/lu2d-c.pdf, page 1>
File: code/pdf/lu2d-c.pdf Graphic file (type pdf)
 <use code/pdf/lu2d-c.pdf, page 1> [42 <./code/pdf/lu2d-c.pdf

pdfTeX warning: pdflatex (file ./code/pdf/lu2d-c.pdf): PDF inclusion: Page Grou
p detected which pdfTeX can't handle. Ignoring it.
>]

pdfTeX warning: pdflatex (file ./code/pdf/lu2d-c.pdf): PDF inclusion: found PDF
 version <1.5>, but at most version <1.4> allowed

<code/pdf/lu2d-c.pdf, id=332, page=2, 614.295pt x 794.97pt>
File: code/pdf/lu2d-c.pdf Graphic file (type pdf)
 <use code/pdf/lu2d-c.pdf, page 2>
File: code/pdf/lu2d-c.pdf Graphic file (type pdf)
 <use code/pdf/lu2d-c.pdf, page 2>
File: code/pdf/lu2d-c.pdf Graphic file (type pdf)
 <use code/pdf/lu2d-c.pdf, page 2> [43 <./code/pdf/lu2d-c.pdf

pdfTeX warning: pdflatex (file ./code/pdf/lu2d-c.pdf): PDF inclusion: Page Grou
p detected which pdfTeX can't handle. Ignoring it.
>]

pdfTeX warning: pdflatex (file ./code/pdf/lu2d-c.pdf): PDF inclusion: found PDF
 version <1.5>, but at most version <1.4> allowed

<code/pdf/lu2d-c.pdf, id=338, page=3, 614.295pt x 794.97pt>
File: code/pdf/lu2d-c.pdf Graphic file (type pdf)
 <use code/pdf/lu2d-c.pdf, page 3>
File: code/pdf/lu2d-c.pdf Graphic file (type pdf)
 <use code/pdf/lu2d-c.pdf, page 3>
File: code/pdf/lu2d-c.pdf Graphic file (type pdf)
 <use code/pdf/lu2d-c.pdf, page 3> [44 <./code/pdf/lu2d-c.pdf

pdfTeX warning: pdflatex (file ./code/pdf/lu2d-c.pdf): PDF inclusion: Page Grou
p detected which pdfTeX can't handle. Ignoring it.
>]

pdfTeX warning: pdflatex (file ./code/pdf/lu2d-c.pdf): PDF inclusion: found PDF
 version <1.5>, but at most version <1.4> allowed

<code/pdf/lu2d-c.pdf, id=343, page=4, 614.295pt x 794.97pt>
File: code/pdf/lu2d-c.pdf Graphic file (type pdf)
 <use code/pdf/lu2d-c.pdf, page 4>
File: code/pdf/lu2d-c.pdf Graphic file (type pdf)
 <use code/pdf/lu2d-c.pdf, page 4>
File: code/pdf/lu2d-c.pdf Graphic file (type pdf)
 <use code/pdf/lu2d-c.pdf, page 4> [45 <./code/pdf/lu2d-c.pdf

pdfTeX warning: pdflatex (file ./code/pdf/lu2d-c.pdf): PDF inclusion: Page Grou
p detected which pdfTeX can't handle. Ignoring it.
>]

pdfTeX warning: pdflatex (file ./code/pdf/common-c.pdf): PDF inclusion: found P
DF version <1.5>, but at most version <1.4> allowed


pdfTeX warning: pdflatex (file ./code/pdf/common-c.pdf): PDF inclusion: found P
DF version <1.5>, but at most version <1.4> allowed


pdfTeX warning: pdflatex (file ./code/pdf/common-c.pdf): PDF inclusion: found P
DF version <1.5>, but at most version <1.4> allowed

<code/pdf/common-c.pdf, id=350, page=1, 614.295pt x 794.97pt>
File: code/pdf/common-c.pdf Graphic file (type pdf)
 <use code/pdf/common-c.pdf, page 1>
File: code/pdf/common-c.pdf Graphic file (type pdf)
 <use code/pdf/common-c.pdf, page 1>
File: code/pdf/common-c.pdf Graphic file (type pdf)
 <use code/pdf/common-c.pdf, page 1>
File: code/pdf/common-c.pdf Graphic file (type pdf)
 <use code/pdf/common-c.pdf, page 1>
File: code/pdf/common-c.pdf Graphic file (type pdf)
 <use code/pdf/common-c.pdf, page 1> [46 <./code/pdf/common-c.pdf

pdfTeX warning: pdflatex (file ./code/pdf/common-c.pdf): PDF inclusion: Page Gr
oup detected which pdfTeX can't handle. Ignoring it.
>]

pdfTeX warning: pdflatex (file ./code/pdf/common-c.pdf): PDF inclusion: found P
DF version <1.5>, but at most version <1.4> allowed

<code/pdf/common-c.pdf, id=377, page=2, 614.295pt x 794.97pt>
File: code/pdf/common-c.pdf Graphic file (type pdf)
 <use code/pdf/common-c.pdf, page 2>
File: code/pdf/common-c.pdf Graphic file (type pdf)
 <use code/pdf/common-c.pdf, page 2>
File: code/pdf/common-c.pdf Graphic file (type pdf)
 <use code/pdf/common-c.pdf, page 2> [47 <./code/pdf/common-c.pdf

pdfTeX warning: pdflatex (file ./code/pdf/common-c.pdf): PDF inclusion: Page Gr
oup detected which pdfTeX can't handle. Ignoring it.
>]

pdfTeX warning: pdflatex (file ./code/pdf/common-c.pdf): PDF inclusion: found P
DF version <1.5>, but at most version <1.4> allowed

<code/pdf/common-c.pdf, id=382, page=3, 614.295pt x 794.97pt>
File: code/pdf/common-c.pdf Graphic file (type pdf)
 <use code/pdf/common-c.pdf, page 3>
File: code/pdf/common-c.pdf Graphic file (type pdf)
 <use code/pdf/common-c.pdf, page 3>
File: code/pdf/common-c.pdf Graphic file (type pdf)
 <use code/pdf/common-c.pdf, page 3> [48 <./code/pdf/common-c.pdf

pdfTeX warning: pdflatex (file ./code/pdf/common-c.pdf): PDF inclusion: Page Gr
oup detected which pdfTeX can't handle. Ignoring it.
>]

pdfTeX warning: pdflatex (file ./code/pdf/common-c.pdf): PDF inclusion: found P
DF version <1.5>, but at most version <1.4> allowed

<code/pdf/common-c.pdf, id=387, page=4, 614.295pt x 794.97pt>
File: code/pdf/common-c.pdf Graphic file (type pdf)
 <use code/pdf/common-c.pdf, page 4>
File: code/pdf/common-c.pdf Graphic file (type pdf)
 <use code/pdf/common-c.pdf, page 4>
File: code/pdf/common-c.pdf Graphic file (type pdf)
 <use code/pdf/common-c.pdf, page 4> [49 <./code/pdf/common-c.pdf

pdfTeX warning: pdflatex (file ./code/pdf/common-c.pdf): PDF inclusion: Page Gr
oup detected which pdfTeX can't handle. Ignoring it.
>]

pdfTeX warning: pdflatex (file ./code/pdf/common-c.pdf): PDF inclusion: found P
DF version <1.5>, but at most version <1.4> allowed

<code/pdf/common-c.pdf, id=393, page=5, 614.295pt x 794.97pt>
File: code/pdf/common-c.pdf Graphic file (type pdf)
 <use code/pdf/common-c.pdf, page 5>
File: code/pdf/common-c.pdf Graphic file (type pdf)
 <use code/pdf/common-c.pdf, page 5>
File: code/pdf/common-c.pdf Graphic file (type pdf)
 <use code/pdf/common-c.pdf, page 5> [50 <./code/pdf/common-c.pdf

pdfTeX warning: pdflatex (file ./code/pdf/common-c.pdf): PDF inclusion: Page Gr
oup detected which pdfTeX can't handle. Ignoring it.
>]

pdfTeX warning: pdflatex (file ./code/pdf/common-c.pdf): PDF inclusion: found P
DF version <1.5>, but at most version <1.4> allowed

<code/pdf/common-c.pdf, id=398, page=6, 614.295pt x 794.97pt>
File: code/pdf/common-c.pdf Graphic file (type pdf)
 <use code/pdf/common-c.pdf, page 6>
File: code/pdf/common-c.pdf Graphic file (type pdf)
 <use code/pdf/common-c.pdf, page 6>
File: code/pdf/common-c.pdf Graphic file (type pdf)
 <use code/pdf/common-c.pdf, page 6> [51 <./code/pdf/common-c.pdf

pdfTeX warning: pdflatex (file ./code/pdf/common-c.pdf): PDF inclusion: Page Gr
oup detected which pdfTeX can't handle. Ignoring it.
>]

pdfTeX warning: pdflatex (file ./code/pdf/common-c.pdf): PDF inclusion: found P
DF version <1.5>, but at most version <1.4> allowed

<code/pdf/common-c.pdf, id=403, page=7, 614.295pt x 794.97pt>
File: code/pdf/common-c.pdf Graphic file (type pdf)
 <use code/pdf/common-c.pdf, page 7>
File: code/pdf/common-c.pdf Graphic file (type pdf)
 <use code/pdf/common-c.pdf, page 7>
File: code/pdf/common-c.pdf Graphic file (type pdf)
 <use code/pdf/common-c.pdf, page 7> [52 <./code/pdf/common-c.pdf

pdfTeX warning: pdflatex (file ./code/pdf/common-c.pdf): PDF inclusion: Page Gr
oup detected which pdfTeX can't handle. Ignoring it.
>]

pdfTeX warning: pdflatex (file ./code/pdf/common-h.pdf): PDF inclusion: found P
DF version <1.5>, but at most version <1.4> allowed


pdfTeX warning: pdflatex (file ./code/pdf/common-h.pdf): PDF inclusion: found P
DF version <1.5>, but at most version <1.4> allowed


pdfTeX warning: pdflatex (file ./code/pdf/common-h.pdf): PDF inclusion: found P
DF version <1.5>, but at most version <1.4> allowed

<code/pdf/common-h.pdf, id=410, page=1, 614.295pt x 794.97pt>
File: code/pdf/common-h.pdf Graphic file (type pdf)
 <use code/pdf/common-h.pdf, page 1>
File: code/pdf/common-h.pdf Graphic file (type pdf)
 <use code/pdf/common-h.pdf, page 1>
File: code/pdf/common-h.pdf Graphic file (type pdf)
 <use code/pdf/common-h.pdf, page 1>
File: code/pdf/common-h.pdf Graphic file (type pdf)
 <use code/pdf/common-h.pdf, page 1>
File: code/pdf/common-h.pdf Graphic file (type pdf)
 <use code/pdf/common-h.pdf, page 1> [53 <./code/pdf/common-h.pdf

pdfTeX warning: pdflatex (file ./code/pdf/common-h.pdf): PDF inclusion: Page Gr
oup detected which pdfTeX can't handle. Ignoring it.
>]

pdfTeX warning: pdflatex (file ./code/pdf/Makefile.pdf): PDF inclusion: found P
DF version <1.5>, but at most version <1.4> allowed


pdfTeX warning: pdflatex (file ./code/pdf/Makefile.pdf): PDF inclusion: found P
DF version <1.5>, but at most version <1.4> allowed


pdfTeX warning: pdflatex (file ./code/pdf/Makefile.pdf): PDF inclusion: found P
DF version <1.5>, but at most version <1.4> allowed

<code/pdf/Makefile.pdf, id=439, page=1, 614.295pt x 794.97pt>
File: code/pdf/Makefile.pdf Graphic file (type pdf)
 <use code/pdf/Makefile.pdf, page 1>
File: code/pdf/Makefile.pdf Graphic file (type pdf)
 <use code/pdf/Makefile.pdf, page 1>
File: code/pdf/Makefile.pdf Graphic file (type pdf)
 <use code/pdf/Makefile.pdf, page 1>
File: code/pdf/Makefile.pdf Graphic file (type pdf)
 <use code/pdf/Makefile.pdf, page 1>
File: code/pdf/Makefile.pdf Graphic file (type pdf)
 <use code/pdf/Makefile.pdf, page 1> [54 <./code/pdf/Makefile.pdf

pdfTeX warning: pdflatex (file ./code/pdf/Makefile.pdf): PDF inclusion: Page Gr
oup detected which pdfTeX can't handle. Ignoring it.
>] (./document.aux)

LaTeX Warning: There were undefined references.


LaTeX Warning: Label(s) may have changed. Rerun to get cross-references right.

 ) 
Here is how much of TeX's memory you used:
 2280 strings out of 256214
 32218 string characters out of 1917000
 154747 words of memory out of 1500000
 5504 multiletter control sequences out of 10000+200000
 12370 words of font info for 48 fonts, out of 1200000 for 2000
 645 hyphenation exceptions out of 8191
 32i,16n,37p,693b,384s stack positions out of 5000i,500n,6000p,200000b,15000s
</usr/share/texmf/fonts/type1/bluesky/cm/cmbx10.pfb></usr/share/texmf/fonts/t
ype1/bluesky/cm/cmbx12.pfb></usr/share/texmf/fonts/type1/bluesky/cm/cmex10.pfb>
</usr/share/texmf/fonts/type1/bluesky/cm/cmmi10.pfb></usr/share/texmf/fonts/typ
e1/bluesky/cm/cmmi5.pfb></usr/share/texmf/fonts/type1/bluesky/cm/cmmi7.pfb></us
r/share/texmf/fonts/type1/bluesky/cm/cmr10.pfb></usr/share/texmf/fonts/type1/bl
uesky/cm/cmr12.pfb></usr/share/texmf/fonts/type1/bluesky/cm/cmr17.pfb></usr/sha
re/texmf/fonts/type1/bluesky/cm/cmr5.pfb></usr/share/texmf/fonts/type1/bluesky/
cm/cmr7.pfb></usr/share/texmf/fonts/type1/bluesky/cm/cmsy10.pfb></usr/share/tex
mf/fonts/type1/bluesky/cm/cmsy7.pfb></usr/share/texmf/fonts/type1/bluesky/cm/cm
tt10.pfb></usr/share/texmf/fonts/type1/public/cmex/fmex7.pfb></usr/share/texmf/
fonts/type1/bluesky/latex-fonts/line10.pfb>
Output written on document.pdf (54 pages, 549123 bytes).
PDF statistics:
 518 PDF objects out of 1000 (max. 8388607)
 0 named destinations out of 1000 (max. 131072)
 240 words of extra memory for PDF output out of 10000 (max. 10000000)

